Requirement already satisfied: pyobjc in /Users/andrew/venvs/refusals/lib/python3.10/site-packages (11.1)
Requirement already satisfied: pyobjc-core==11.1 in /Users/andrew/venvs/refusals/lib/python3.10/site-packages (from pyobjc) (11.1)
Requirement already satisfied: pyobjc-framework-libdispatch==11.1 in /Users/andrew/venvs/refusals/lib/python3.10/site-packages (from pyobjc) (11.1)
Requirement already satisfied: pyobjc-framework-libxpc==11.1 in /Users/andrew/venvs/refusals/lib/python3.10/site-packages (from pyobjc) (11.1)
Requirement already satisfied: pyobjc-framework-Accessibility==11.1 in /Users/andrew/venvs/refusals/lib/python3.10/site-packages (from pyobjc) (11.1)
Requirement already satisfied: pyobjc-framework-AdServices==11.1 in /Users/andrew/venvs/refusals/lib/python3.10/site-packages (from pyobjc) (11.1)
Requirement already satisfied: pyobjc-framework-AdSupport==11.1 in /Users/andrew/venvs/refusals/lib/python3.10/site-packages (from pyobjc) (11.1)
Requirement already satisfied: pyobjc-framework-AppTrackingTransparency==11.1 in /Users/andrew/venvs/refusals/lib/python3.10/site-packages (from pyobjc) (11.1)
Requirement already satisfied: pyobjc-framework-AudioVideoBridging==11.1 in /Users/andrew/venvs/refusals/lib/python3.10/site-packages (from pyobjc) (11.1)
Requirement already satisfied: pyobjc-framework-AuthenticationServices==11.1 in /Users/andrew/venvs/refusals/lib/python3.10/site-packages (from pyobjc) (11.1)
Requirement already satisfied: pyobjc-framework-AutomaticAssessmentConfiguration==11.1 in /Users/andrew/venvs/refusals/lib/python3.10/site-packages (from pyobjc) (11.1)
Requirement already satisfied: pyobjc-framework-AVKit==11.1 in /Users/andrew/venvs/refusals/lib/python3.10/site-packages (from pyobjc) (11.1)
Requirement already satisfied: pyobjc-framework-AVFoundation==11.1 in /Users/andrew/venvs/refusals/lib/python3.10/site-packages (from pyobjc) (11.1)
Requirement already satisfied: pyobjc-framework-AVRouting==11.1 in /Users/andrew/venvs/refusals/lib/python3.10/site-packages (from pyobjc) (11.1)
Requirement already satisfied: pyobjc-framework-Accounts==11.1 in /Users/andrew/venvs/refusals/lib/python3.10/site-packages (from pyobjc) (11.1)
Requirement already satisfied: pyobjc-framework-AddressBook==11.1 in /Users/andrew/venvs/refusals/lib/python3.10/site-packages (from pyobjc) (11.1)
Requirement already satisfied: pyobjc-framework-AppleScriptKit==11.1 in /Users/andrew/venvs/refusals/lib/python3.10/site-packages (from pyobjc) (11.1)
Requirement already satisfied: pyobjc-framework-AppleScriptObjC==11.1 in /Users/andrew/venvs/refusals/lib/python3.10/site-packages (from pyobjc) (11.1)
Requirement already satisfied: pyobjc-framework-ApplicationServices==11.1 in /Users/andrew/venvs/refusals/lib/python3.10/site-packages (from pyobjc) (11.1)
Requirement already satisfied: pyobjc-framework-Automator==11.1 in /Users/andrew/venvs/refusals/lib/python3.10/site-packages (from pyobjc) (11.1)
Requirement already satisfied: pyobjc-framework-BackgroundAssets==11.1 in /Users/andrew/venvs/refusals/lib/python3.10/site-packages (from pyobjc) (11.1)
Requirement already satisfied: pyobjc-framework-BrowserEngineKit==11.1 in /Users/andrew/venvs/refusals/lib/python3.10/site-packages (from pyobjc) (11.1)
Requirement already satisfied: pyobjc-framework-BusinessChat==11.1 in /Users/andrew/venvs/refusals/lib/python3.10/site-packages (from pyobjc) (11.1)
Requirement already satisfied: pyobjc-framework-CFNetwork==11.1 in /Users/andrew/venvs/refusals/lib/python3.10/site-packages (from pyobjc) (11.1)
Requirement already satisfied: pyobjc-framework-CalendarStore==11.1 in /Users/andrew/venvs/refusals/lib/python3.10/site-packages (from pyobjc) (11.1)
Requirement already satisfied: pyobjc-framework-CallKit==11.1 in /Users/andrew/venvs/refusals/lib/python3.10/site-packages (from pyobjc) (11.1)
Requirement already satisfied: pyobjc-framework-Carbon==11.1 in /Users/andrew/venvs/refusals/lib/python3.10/site-packages (from pyobjc) (11.1)
Requirement already satisfied: pyobjc-framework-Cinematic==11.1 in /Users/andrew/venvs/refusals/lib/python3.10/site-packages (from pyobjc) (11.1)
Requirement already satisfied: pyobjc-framework-ClassKit==11.1 in /Users/andrew/venvs/refusals/lib/python3.10/site-packages (from pyobjc) (11.1)
Requirement already satisfied: pyobjc-framework-CloudKit==11.1 in /Users/andrew/venvs/refusals/lib/python3.10/site-packages (from pyobjc) (11.1)
Requirement already satisfied: pyobjc-framework-Cocoa==11.1 in /Users/andrew/venvs/refusals/lib/python3.10/site-packages (from pyobjc) (11.1)
Requirement already satisfied: pyobjc-framework-Collaboration==11.1 in /Users/andrew/venvs/refusals/lib/python3.10/site-packages (from pyobjc) (11.1)
Requirement already satisfied: pyobjc-framework-ColorSync==11.1 in /Users/andrew/venvs/refusals/lib/python3.10/site-packages (from pyobjc) (11.1)
Requirement already satisfied: pyobjc-framework-Contacts==11.1 in /Users/andrew/venvs/refusals/lib/python3.10/site-packages (from pyobjc) (11.1)
Requirement already satisfied: pyobjc-framework-ContactsUI==11.1 in /Users/andrew/venvs/refusals/lib/python3.10/site-packages (from pyobjc) (11.1)
Requirement already satisfied: pyobjc-framework-CoreAudio==11.1 in /Users/andrew/venvs/refusals/lib/python3.10/site-packages (from pyobjc) (11.1)
Requirement already satisfied: pyobjc-framework-CoreAudioKit==11.1 in /Users/andrew/venvs/refusals/lib/python3.10/site-packages (from pyobjc) (11.1)
Requirement already satisfied: pyobjc-framework-CoreBluetooth==11.1 in /Users/andrew/venvs/refusals/lib/python3.10/site-packages (from pyobjc) (11.1)
Requirement already satisfied: pyobjc-framework-CoreData==11.1 in /Users/andrew/venvs/refusals/lib/python3.10/site-packages (from pyobjc) (11.1)
Requirement already satisfied: pyobjc-framework-CoreHaptics==11.1 in /Users/andrew/venvs/refusals/lib/python3.10/site-packages (from pyobjc) (11.1)
Requirement already satisfied: pyobjc-framework-CoreLocation==11.1 in /Users/andrew/venvs/refusals/lib/python3.10/site-packages (from pyobjc) (11.1)
Requirement already satisfied: pyobjc-framework-CoreMedia==11.1 in /Users/andrew/venvs/refusals/lib/python3.10/site-packages (from pyobjc) (11.1)
Requirement already satisfied: pyobjc-framework-CoreMediaIO==11.1 in /Users/andrew/venvs/refusals/lib/python3.10/site-packages (from pyobjc) (11.1)
Requirement already satisfied: pyobjc-framework-CoreMIDI==11.1 in /Users/andrew/venvs/refusals/lib/python3.10/site-packages (from pyobjc) (11.1)
Requirement already satisfied: pyobjc-framework-CoreML==11.1 in /Users/andrew/venvs/refusals/lib/python3.10/site-packages (from pyobjc) (11.1)
Requirement already satisfied: pyobjc-framework-CoreMotion==11.1 in /Users/andrew/venvs/refusals/lib/python3.10/site-packages (from pyobjc) (11.1)
Requirement already satisfied: pyobjc-framework-CoreServices==11.1 in /Users/andrew/venvs/refusals/lib/python3.10/site-packages (from pyobjc) (11.1)
Requirement already satisfied: pyobjc-framework-CoreSpotlight==11.1 in /Users/andrew/venvs/refusals/lib/python3.10/site-packages (from pyobjc) (11.1)
Requirement already satisfied: pyobjc-framework-CoreText==11.1 in /Users/andrew/venvs/refusals/lib/python3.10/site-packages (from pyobjc) (11.1)
Requirement already satisfied: pyobjc-framework-CoreWLAN==11.1 in /Users/andrew/venvs/refusals/lib/python3.10/site-packages (from pyobjc) (11.1)
Requirement already satisfied: pyobjc-framework-CryptoTokenKit==11.1 in /Users/andrew/venvs/refusals/lib/python3.10/site-packages (from pyobjc) (11.1)
Requirement already satisfied: pyobjc-framework-DataDetection==11.1 in /Users/andrew/venvs/refusals/lib/python3.10/site-packages (from pyobjc) (11.1)
Requirement already satisfied: pyobjc-framework-DeviceCheck==11.1 in /Users/andrew/venvs/refusals/lib/python3.10/site-packages (from pyobjc) (11.1)
Requirement already satisfied: pyobjc-framework-DeviceDiscoveryExtension==11.1 in /Users/andrew/venvs/refusals/lib/python3.10/site-packages (from pyobjc) (11.1)
Requirement already satisfied: pyobjc-framework-DictionaryServices==11.1 in /Users/andrew/venvs/refusals/lib/python3.10/site-packages (from pyobjc) (11.1)
Requirement already satisfied: pyobjc-framework-DiscRecording==11.1 in /Users/andrew/venvs/refusals/lib/python3.10/site-packages (from pyobjc) (11.1)
Requirement already satisfied: pyobjc-framework-DiscRecordingUI==11.1 in /Users/andrew/venvs/refusals/lib/python3.10/site-packages (from pyobjc) (11.1)
Requirement already satisfied: pyobjc-framework-DiskArbitration==11.1 in /Users/andrew/venvs/refusals/lib/python3.10/site-packages (from pyobjc) (11.1)
Requirement already satisfied: pyobjc-framework-DVDPlayback==11.1 in /Users/andrew/venvs/refusals/lib/python3.10/site-packages (from pyobjc) (11.1)
Requirement already satisfied: pyobjc-framework-EventKit==11.1 in /Users/andrew/venvs/refusals/lib/python3.10/site-packages (from pyobjc) (11.1)
Requirement already satisfied: pyobjc-framework-ExceptionHandling==11.1 in /Users/andrew/venvs/refusals/lib/python3.10/site-packages (from pyobjc) (11.1)
Requirement already satisfied: pyobjc-framework-ExecutionPolicy==11.1 in /Users/andrew/venvs/refusals/lib/python3.10/site-packages (from pyobjc) (11.1)
Requirement already satisfied: pyobjc-framework-ExternalAccessory==11.1 in /Users/andrew/venvs/refusals/lib/python3.10/site-packages (from pyobjc) (11.1)
Requirement already satisfied: pyobjc-framework-ExtensionKit==11.1 in /Users/andrew/venvs/refusals/lib/python3.10/site-packages (from pyobjc) (11.1)
Requirement already satisfied: pyobjc-framework-FileProvider==11.1 in /Users/andrew/venvs/refusals/lib/python3.10/site-packages (from pyobjc) (11.1)
Requirement already satisfied: pyobjc-framework-FileProviderUI==11.1 in /Users/andrew/venvs/refusals/lib/python3.10/site-packages (from pyobjc) (11.1)
Requirement already satisfied: pyobjc-framework-FSEvents==11.1 in /Users/andrew/venvs/refusals/lib/python3.10/site-packages (from pyobjc) (11.1)
Requirement already satisfied: pyobjc-framework-FSKit==11.1 in /Users/andrew/venvs/refusals/lib/python3.10/site-packages (from pyobjc) (11.1)
Requirement already satisfied: pyobjc-framework-FinderSync==11.1 in /Users/andrew/venvs/refusals/lib/python3.10/site-packages (from pyobjc) (11.1)
Requirement already satisfied: pyobjc-framework-GameCenter==11.1 in /Users/andrew/venvs/refusals/lib/python3.10/site-packages (from pyobjc) (11.1)
Requirement already satisfied: pyobjc-framework-GameController==11.1 in /Users/andrew/venvs/refusals/lib/python3.10/site-packages (from pyobjc) (11.1)
Requirement already satisfied: pyobjc-framework-HealthKit==11.1 in /Users/andrew/venvs/refusals/lib/python3.10/site-packages (from pyobjc) (11.1)
Requirement already satisfied: pyobjc-framework-InputMethodKit==11.1 in /Users/andrew/venvs/refusals/lib/python3.10/site-packages (from pyobjc) (11.1)
Requirement already satisfied: pyobjc-framework-ImageCaptureCore==11.1 in /Users/andrew/venvs/refusals/lib/python3.10/site-packages (from pyobjc) (11.1)
Requirement already satisfied: pyobjc-framework-Intents==11.1 in /Users/andrew/venvs/refusals/lib/python3.10/site-packages (from pyobjc) (11.1)
Requirement already satisfied: pyobjc-framework-IntentsUI==11.1 in /Users/andrew/venvs/refusals/lib/python3.10/site-packages (from pyobjc) (11.1)
Requirement already satisfied: pyobjc-framework-InstallerPlugins==11.1 in /Users/andrew/venvs/refusals/lib/python3.10/site-packages (from pyobjc) (11.1)
Requirement already satisfied: pyobjc-framework-InstantMessage==11.1 in /Users/andrew/venvs/refusals/lib/python3.10/site-packages (from pyobjc) (11.1)
Requirement already satisfied: pyobjc-framework-IOBluetooth==11.1 in /Users/andrew/venvs/refusals/lib/python3.10/site-packages (from pyobjc) (11.1)
Requirement already satisfied: pyobjc-framework-IOBluetoothUI==11.1 in /Users/andrew/venvs/refusals/lib/python3.10/site-packages (from pyobjc) (11.1)
Requirement already satisfied: pyobjc-framework-IOSurface==11.1 in /Users/andrew/venvs/refusals/lib/python3.10/site-packages (from pyobjc) (11.1)
Requirement already satisfied: pyobjc-framework-KernelManagement==11.1 in /Users/andrew/venvs/refusals/lib/python3.10/site-packages (from pyobjc) (11.1)
Requirement already satisfied: pyobjc-framework-LatentSemanticMapping==11.1 in /Users/andrew/venvs/refusals/lib/python3.10/site-packages (from pyobjc) (11.1)
Requirement already satisfied: pyobjc-framework-LaunchServices==11.1 in /Users/andrew/venvs/refusals/lib/python3.10/site-packages (from pyobjc) (11.1)
Requirement already satisfied: pyobjc-framework-LinkPresentation==11.1 in /Users/andrew/venvs/refusals/lib/python3.10/site-packages (from pyobjc) (11.1)
Requirement already satisfied: pyobjc-framework-LocalAuthentication==11.1 in /Users/andrew/venvs/refusals/lib/python3.10/site-packages (from pyobjc) (11.1)
Requirement already satisfied: pyobjc-framework-LocalAuthenticationEmbeddedUI==11.1 in /Users/andrew/venvs/refusals/lib/python3.10/site-packages (from pyobjc) (11.1)
Requirement already satisfied: pyobjc-framework-MailKit==11.1 in /Users/andrew/venvs/refusals/lib/python3.10/site-packages (from pyobjc) (11.1)
Requirement already satisfied: pyobjc-framework-MapKit==11.1 in /Users/andrew/venvs/refusals/lib/python3.10/site-packages (from pyobjc) (11.1)
Requirement already satisfied: pyobjc-framework-MediaAccessibility==11.1 in /Users/andrew/venvs/refusals/lib/python3.10/site-packages (from pyobjc) (11.1)
Requirement already satisfied: pyobjc-framework-MediaExtension==11.1 in /Users/andrew/venvs/refusals/lib/python3.10/site-packages (from pyobjc) (11.1)
Requirement already satisfied: pyobjc-framework-MediaLibrary==11.1 in /Users/andrew/venvs/refusals/lib/python3.10/site-packages (from pyobjc) (11.1)
Requirement already satisfied: pyobjc-framework-MediaPlayer==11.1 in /Users/andrew/venvs/refusals/lib/python3.10/site-packages (from pyobjc) (11.1)
Requirement already satisfied: pyobjc-framework-MediaToolbox==11.1 in /Users/andrew/venvs/refusals/lib/python3.10/site-packages (from pyobjc) (11.1)
Requirement already satisfied: pyobjc-framework-Metal==11.1 in /Users/andrew/venvs/refusals/lib/python3.10/site-packages (from pyobjc) (11.1)
Requirement already satisfied: pyobjc-framework-MetalFX==11.1 in /Users/andrew/venvs/refusals/lib/python3.10/site-packages (from pyobjc) (11.1)
Requirement already satisfied: pyobjc-framework-MetalKit==11.1 in /Users/andrew/venvs/refusals/lib/python3.10/site-packages (from pyobjc) (11.1)
Requirement already satisfied: pyobjc-framework-MetalPerformanceShaders==11.1 in /Users/andrew/venvs/refusals/lib/python3.10/site-packages (from pyobjc) (11.1)
Requirement already satisfied: pyobjc-framework-MetalPerformanceShadersGraph==11.1 in /Users/andrew/venvs/refusals/lib/python3.10/site-packages (from pyobjc) (11.1)
Requirement already satisfied: pyobjc-framework-MetricKit==11.1 in /Users/andrew/venvs/refusals/lib/python3.10/site-packages (from pyobjc) (11.1)
Requirement already satisfied: pyobjc-framework-MLCompute==11.1 in /Users/andrew/venvs/refusals/lib/python3.10/site-packages (from pyobjc) (11.1)
Requirement already satisfied: pyobjc-framework-ModelIO==11.1 in /Users/andrew/venvs/refusals/lib/python3.10/site-packages (from pyobjc) (11.1)
Requirement already satisfied: pyobjc-framework-MultipeerConnectivity==11.1 in /Users/andrew/venvs/refusals/lib/python3.10/site-packages (from pyobjc) (11.1)
Requirement already satisfied: pyobjc-framework-NaturalLanguage==11.1 in /Users/andrew/venvs/refusals/lib/python3.10/site-packages (from pyobjc) (11.1)
Requirement already satisfied: pyobjc-framework-NetFS==11.1 in /Users/andrew/venvs/refusals/lib/python3.10/site-packages (from pyobjc) (11.1)
Requirement already satisfied: pyobjc-framework-Network==11.1 in /Users/andrew/venvs/refusals/lib/python3.10/site-packages (from pyobjc) (11.1)
Requirement already satisfied: pyobjc-framework-NetworkExtension==11.1 in /Users/andrew/venvs/refusals/lib/python3.10/site-packages (from pyobjc) (11.1)
Requirement already satisfied: pyobjc-framework-NotificationCenter==11.1 in /Users/andrew/venvs/refusals/lib/python3.10/site-packages (from pyobjc) (11.1)
Requirement already satisfied: pyobjc-framework-OpenDirectory==11.1 in /Users/andrew/venvs/refusals/lib/python3.10/site-packages (from pyobjc) (11.1)
Requirement already satisfied: pyobjc-framework-OSAKit==11.1 in /Users/andrew/venvs/refusals/lib/python3.10/site-packages (from pyobjc) (11.1)
Requirement already satisfied: pyobjc-framework-OSLog==11.1 in /Users/andrew/venvs/refusals/lib/python3.10/site-packages (from pyobjc) (11.1)
Requirement already satisfied: pyobjc-framework-PassKit==11.1 in /Users/andrew/venvs/refusals/lib/python3.10/site-packages (from pyobjc) (11.1)
Requirement already satisfied: pyobjc-framework-PencilKit==11.1 in /Users/andrew/venvs/refusals/lib/python3.10/site-packages (from pyobjc) (11.1)
Requirement already satisfied: pyobjc-framework-PHASE==11.1 in /Users/andrew/venvs/refusals/lib/python3.10/site-packages (from pyobjc) (11.1)
Requirement already satisfied: pyobjc-framework-Photos==11.1 in /Users/andrew/venvs/refusals/lib/python3.10/site-packages (from pyobjc) (11.1)
Requirement already satisfied: pyobjc-framework-PhotosUI==11.1 in /Users/andrew/venvs/refusals/lib/python3.10/site-packages (from pyobjc) (11.1)
Requirement already satisfied: pyobjc-framework-PreferencePanes==11.1 in /Users/andrew/venvs/refusals/lib/python3.10/site-packages (from pyobjc) (11.1)
Requirement already satisfied: pyobjc-framework-PushKit==11.1 in /Users/andrew/venvs/refusals/lib/python3.10/site-packages (from pyobjc) (11.1)
Requirement already satisfied: pyobjc-framework-Quartz==11.1 in /Users/andrew/venvs/refusals/lib/python3.10/site-packages (from pyobjc) (11.1)
Requirement already satisfied: pyobjc-framework-QuickLookThumbnailing==11.1 in /Users/andrew/venvs/refusals/lib/python3.10/site-packages (from pyobjc) (11.1)
Requirement already satisfied: pyobjc-framework-ReplayKit==11.1 in /Users/andrew/venvs/refusals/lib/python3.10/site-packages (from pyobjc) (11.1)
Requirement already satisfied: pyobjc-framework-SafetyKit==11.1 in /Users/andrew/venvs/refusals/lib/python3.10/site-packages (from pyobjc) (11.1)
Requirement already satisfied: pyobjc-framework-SafariServices==11.1 in /Users/andrew/venvs/refusals/lib/python3.10/site-packages (from pyobjc) (11.1)
Requirement already satisfied: pyobjc-framework-ScreenSaver==11.1 in /Users/andrew/venvs/refusals/lib/python3.10/site-packages (from pyobjc) (11.1)
Requirement already satisfied: pyobjc-framework-ScreenTime==11.1 in /Users/andrew/venvs/refusals/lib/python3.10/site-packages (from pyobjc) (11.1)
Requirement already satisfied: pyobjc-framework-ScriptingBridge==11.1 in /Users/andrew/venvs/refusals/lib/python3.10/site-packages (from pyobjc) (11.1)
Requirement already satisfied: pyobjc-framework-Security==11.1 in /Users/andrew/venvs/refusals/lib/python3.10/site-packages (from pyobjc) (11.1)
Requirement already satisfied: pyobjc-framework-SecurityFoundation==11.1 in /Users/andrew/venvs/refusals/lib/python3.10/site-packages (from pyobjc) (11.1)
Requirement already satisfied: pyobjc-framework-SecurityInterface==11.1 in /Users/andrew/venvs/refusals/lib/python3.10/site-packages (from pyobjc) (11.1)
Requirement already satisfied: pyobjc-framework-SecurityUI==11.1 in /Users/andrew/venvs/refusals/lib/python3.10/site-packages (from pyobjc) (11.1)
Requirement already satisfied: pyobjc-framework-SearchKit==11.1 in /Users/andrew/venvs/refusals/lib/python3.10/site-packages (from pyobjc) (11.1)
Requirement already satisfied: pyobjc-framework-ServiceManagement==11.1 in /Users/andrew/venvs/refusals/lib/python3.10/site-packages (from pyobjc) (11.1)
Requirement already satisfied: pyobjc-framework-ShazamKit==11.1 in /Users/andrew/venvs/refusals/lib/python3.10/site-packages (from pyobjc) (11.1)
Requirement already satisfied: pyobjc-framework-Social==11.1 in /Users/andrew/venvs/refusals/lib/python3.10/site-packages (from pyobjc) (11.1)
Requirement already satisfied: pyobjc-framework-Speech==11.1 in /Users/andrew/venvs/refusals/lib/python3.10/site-packages (from pyobjc) (11.1)
Requirement already satisfied: pyobjc-framework-SpriteKit==11.1 in /Users/andrew/venvs/refusals/lib/python3.10/site-packages (from pyobjc) (11.1)
Requirement already satisfied: pyobjc-framework-StoreKit==11.1 in /Users/andrew/venvs/refusals/lib/python3.10/site-packages (from pyobjc) (11.1)
Requirement already satisfied: pyobjc-framework-SyncServices==11.1 in /Users/andrew/venvs/refusals/lib/python3.10/site-packages (from pyobjc) (11.1)
Requirement already satisfied: pyobjc-framework-SystemConfiguration==11.1 in /Users/andrew/venvs/refusals/lib/python3.10/site-packages (from pyobjc) (11.1)
Requirement already satisfied: pyobjc-framework-WebKit==11.1 in /Users/andrew/venvs/refusals/lib/python3.10/site-packages (from pyobjc) (11.1)
Requirement already satisfied: pyobjc-framework-GameKit==11.1 in /Users/andrew/venvs/refusals/lib/python3.10/site-packages (from pyobjc) (11.1)
Requirement already satisfied: pyobjc-framework-GameplayKit==11.1 in /Users/andrew/venvs/refusals/lib/python3.10/site-packages (from pyobjc) (11.1)
Requirement already satisfied: pyobjc-framework-SceneKit==11.1 in /Users/andrew/venvs/refusals/lib/python3.10/site-packages (from pyobjc) (11.1)
Requirement already satisfied: pyobjc-framework-SensitiveContentAnalysis==11.1 in /Users/andrew/venvs/refusals/lib/python3.10/site-packages (from pyobjc) (11.1)
Requirement already satisfied: pyobjc-framework-SharedWithYouCore==11.1 in /Users/andrew/venvs/refusals/lib/python3.10/site-packages (from pyobjc) (11.1)
Requirement already satisfied: pyobjc-framework-SharedWithYou==11.1 in /Users/andrew/venvs/refusals/lib/python3.10/site-packages (from pyobjc) (11.1)
Requirement already satisfied: pyobjc-framework-SoundAnalysis==11.1 in /Users/andrew/venvs/refusals/lib/python3.10/site-packages (from pyobjc) (11.1)
Requirement already satisfied: pyobjc-framework-ScreenCaptureKit==11.1 in /Users/andrew/venvs/refusals/lib/python3.10/site-packages (from pyobjc) (11.1)
Requirement already satisfied: pyobjc-framework-Symbols==11.1 in /Users/andrew/venvs/refusals/lib/python3.10/site-packages (from pyobjc) (11.1)
Requirement already satisfied: pyobjc-framework-SystemExtensions==11.1 in /Users/andrew/venvs/refusals/lib/python3.10/site-packages (from pyobjc) (11.1)
Requirement already satisfied: pyobjc-framework-ThreadNetwork==11.1 in /Users/andrew/venvs/refusals/lib/python3.10/site-packages (from pyobjc) (11.1)
Requirement already satisfied: pyobjc-framework-UniformTypeIdentifiers==11.1 in /Users/andrew/venvs/refusals/lib/python3.10/site-packages (from pyobjc) (11.1)
Requirement already satisfied: pyobjc-framework-UserNotifications==11.1 in /Users/andrew/venvs/refusals/lib/python3.10/site-packages (from pyobjc) (11.1)
Requirement already satisfied: pyobjc-framework-UserNotificationsUI==11.1 in /Users/andrew/venvs/refusals/lib/python3.10/site-packages (from pyobjc) (11.1)
Requirement already satisfied: pyobjc-framework-VideoSubscriberAccount==11.1 in /Users/andrew/venvs/refusals/lib/python3.10/site-packages (from pyobjc) (11.1)
Requirement already satisfied: pyobjc-framework-VideoToolbox==11.1 in /Users/andrew/venvs/refusals/lib/python3.10/site-packages (from pyobjc) (11.1)
Requirement already satisfied: pyobjc-framework-Virtualization==11.1 in /Users/andrew/venvs/refusals/lib/python3.10/site-packages (from pyobjc) (11.1)
Requirement already satisfied: pyobjc-framework-Vision==11.1 in /Users/andrew/venvs/refusals/lib/python3.10/site-packages (from pyobjc) (11.1)
Requirement already satisfied: pyobjc-framework-iTunesLibrary==11.1 in /Users/andrew/venvs/refusals/lib/python3.10/site-packages (from pyobjc) (11.1)
pyobjc OK
